<?xml version="1.0" encoding="UTF-8"?>
<!-- Generated by org.testng.reporters.JUnitReportReporter -->
<testsuite skipped="0" hostname="Lenovo-10" name="com.qa.myntra.TestClass.HomePageClass" tests="1" failures="0" timestamp="31 Dec 2018 09:22:39 GMT" time="66.773" errors="0">
  <testcase name="ClickOnGiftCard" time="66.773" classname="com.qa.myntra.TestClass.HomePageClass"/>
</testsuite> <!-- com.qa.myntra.TestClass.HomePageClass -->
