<?xml version="1.0" encoding="UTF-8"?>
<!-- Generated by org.testng.reporters.JUnitReportReporter -->
<testsuite skipped="0" hostname="Lenovo-10" name="com.qa.myntra.TestClass.CourseAtWayToAutomationClass" tests="2" failures="0" timestamp="03 Jan 2019 11:43:22 GMT" time="31.616" errors="0">
  <testcase name="MouseHoverToCourseMenuLink" time="4.308" classname="com.qa.myntra.TestClass.CourseAtWayToAutomationClass"/>
  <testcase name="ListOfCourseOffered" time="27.308" classname="com.qa.myntra.TestClass.CourseAtWayToAutomationClass"/>
</testsuite> <!-- com.qa.myntra.TestClass.CourseAtWayToAutomationClass -->
