<?xml version="1.0" encoding="UTF-8"?>
<!-- Generated by org.testng.reporters.JUnitReportReporter -->
<testsuite skipped="0" hostname="Lenovo-10" name="com.qa.myntra.TestClass.HomePageClass" tests="1" failures="0" timestamp="07 Jan 2019 06:02:29 GMT" time="67.162" errors="0">
  <testcase name="ClickOnGiftCard" time="67.162" classname="com.qa.myntra.TestClass.HomePageClass"/>
</testsuite> <!-- com.qa.myntra.TestClass.HomePageClass -->
