<?xml version="1.0" encoding="UTF-8"?>
<!-- Generated by org.testng.reporters.JUnitReportReporter -->
<testsuite skipped="0" hostname="Lenovo-10" name="com.qa.myntra.TestClass.CourseAtWayToAutomationClass" tests="2" failures="0" timestamp="04 Jan 2019 05:43:39 GMT" time="46.430" errors="0">
  <testcase name="MouseHoverToCourseMenuLink" time="0.333" classname="com.qa.myntra.TestClass.CourseAtWayToAutomationClass"/>
  <testcase name="ListOfCourseOffered" time="46.097" classname="com.qa.myntra.TestClass.CourseAtWayToAutomationClass"/>
</testsuite> <!-- com.qa.myntra.TestClass.CourseAtWayToAutomationClass -->
