<?xml version="1.0" encoding="UTF-8"?>
<!-- Generated by org.testng.reporters.JUnitReportReporter -->
<testsuite skipped="0" hostname="Lenovo-10" name="com.qa.PracticeExample.Parameterizing" tests="3" failures="0" timestamp="02 Jan 2019 10:54:58 GMT" time="0.002" errors="0">
  <testcase name="Login" time="0.002" classname="com.qa.PracticeExample.Parameterizing"/>
  <testcase name="PaymentPage" time="0.000" classname="com.qa.PracticeExample.Parameterizing"/>
  <testcase name="ReceiverPage" time="0.000" classname="com.qa.PracticeExample.Parameterizing"/>
</testsuite> <!-- com.qa.PracticeExample.Parameterizing -->
