<?xml version="1.0" encoding="UTF-8"?>
<!-- Generated by org.testng.reporters.JUnitReportReporter -->
<testsuite skipped="0" hostname="Lenovo-10" name="com.qa.PracticeExample.Parameterizing" tests="3" failures="0" timestamp="04 Jan 2019 05:43:39 GMT" time="0.017" errors="0">
  <testcase name="PaymentPage" time="0.001" classname="com.qa.PracticeExample.Parameterizing"/>
  <testcase name="Login" time="0.014" classname="com.qa.PracticeExample.Parameterizing"/>
  <testcase name="ReceiverPage" time="0.002" classname="com.qa.PracticeExample.Parameterizing"/>
</testsuite> <!-- com.qa.PracticeExample.Parameterizing -->
