<?xml version="1.0" encoding="UTF-8"?>
<!-- Generated by org.testng.reporters.JUnitReportReporter -->
<testsuite skipped="0" hostname="Lenovo-10" name="com.qa.myntra.TestClass.CourseAtWayToAutomationClass" tests="2" failures="0" timestamp="03 Jan 2019 11:47:13 GMT" time="65.965" errors="0">
  <testcase name="MouseHoverToCourseMenuLink" time="4.250" classname="com.qa.myntra.TestClass.CourseAtWayToAutomationClass"/>
  <testcase name="ListOfCourseOffered" time="61.715" classname="com.qa.myntra.TestClass.CourseAtWayToAutomationClass"/>
</testsuite> <!-- com.qa.myntra.TestClass.CourseAtWayToAutomationClass -->
