<?xml version="1.0" encoding="UTF-8"?>
<!-- Generated by org.testng.reporters.JUnitReportReporter -->
<testsuite skipped="0" hostname="Lenovo-10" name="com.qa.PracticeExample.Parameterizing" tests="3" failures="0" timestamp="07 Jan 2019 07:14:06 GMT" time="0.030" errors="0">
  <testcase name="ReceiverPage" time="0.003" classname="com.qa.PracticeExample.Parameterizing"/>
  <testcase name="PaymentPage" time="0.001" classname="com.qa.PracticeExample.Parameterizing"/>
  <testcase name="Login" time="0.026" classname="com.qa.PracticeExample.Parameterizing"/>
</testsuite> <!-- com.qa.PracticeExample.Parameterizing -->
